build/app/outputs/mapping/release/seeds.txt
com.example.shreewallet.MainActivity
com.example.shreewallet.MainActivity: MainActivity()
...
androidx.camera.core.ImageProcessingUtil: int nativeWriteJpegToSurface(byte[],android.view.Surface)
com.google.crypto.tink.shaded.protobuf.GeneratedMessageLite$MethodToInvoke: com.google.crypto.tink.shaded.protobuf.GeneratedMessageLite$MethodToInvoke valueOf(java.lang.String)
io.flutter.embedding.engine.FlutterJNI: boolean nativeFlutterTextUtilsIsEmoji(int)
androidx.camera.core.impl.CameraCaptureMetaData$AfMode: androidx.camera.core.impl.CameraCaptureMetaData$AfMode[] values()
androidx.core.graphics.drawable.IconCompatParcelizer: IconCompatParcelizer()
io.flutter.embedding.engine.FlutterJNI: void unregisterTexture(long)
androidx.fragment.app.FragmentContainerView: void setOnApplyWindowInsetsListener(android.view.View$OnApplyWindowInsetsListener)
io.flutter.embedding.engine.FlutterJNI: void detachFromNativeAndReleaseResources()
io.flutter.embedding.android.TransparencyMode: io.flutter.embedding.android.TransparencyMode[] values()
androidx.core.app.NotificationCompatBuilder$Api26Impl: android.app.Notification$Builder setGroupAlertBehavior(android.app.Notification$Builder,int)
io.flutter.plugin.platform.SingleViewPresentation: SingleViewPresentation(android.content.Context,android.view.Display,io.flutter.plugin.platform.AccessibilityEventsDelegate,io.flutter.plugin.platform.SingleViewPresentation$PresentationState,android.view.View$OnFocusChangeListener,boolean)
androidx.lifecycle.ReportFragment$LifecycleCallbacks: void onActivityDestroyed(android.app.Activity)
androidx.fragment.app.DefaultSpecialEffectsController$Api24Impl: long totalDuration(android.animation.AnimatorSet)
io.flutter.embedding.engine.FlutterJNI: void nativeUpdateRefreshRate(float)
androidx.camera.video.internal.BufferProvider$State: androidx.camera.video.internal.BufferProvider$State[] values()
androidx.camera.core.internal.compat.quirk.ImageCaptureRotationOptionQuirk: ImageCaptureRotationOptionQuirk()
android.support.v4.app.RemoteActionCompatParcelizer: RemoteActionCompatParcelizer()
androidx.core.content.ContextCompat$Api26Impl: android.content.Intent registerReceiver(android.content.Context,android.content.BroadcastReceiver,android.content.IntentFilter,java.lang.String,android.os.Handler,int)
androidx.camera.video.internal.compat.quirk.SizeCannotEncodeVideoQuirk: SizeCannotEncodeVideoQuirk()
androidx.core.app.NotificationCompatBuilder$Api29Impl: android.app.Notification$Action$Builder setContextual(android.app.Notification$Action$Builder,boolean)
com.google.crypto.tink.shaded.protobuf.FieldType$Collection: com.google.crypto.tink.shaded.protobuf.FieldType$Collection valueOf(java.lang.String)
io.flutter.embedding.engine.systemchannels.PlatformViewsChannel$PlatformViewCreationRequest$RequestedDisplayMode: io.flutter.embedding.engine.systemchannels.PlatformViewsChannel$PlatformViewCreationRequest$RequestedDisplayMode[] values()
io.flutter.embedding.engine.renderer.SurfaceTextureWrapper: void release()
io.flutter.embedding.engine.renderer.FlutterRenderer$DisplayFeatureState: io.flutter.embedding.engine.renderer.FlutterRenderer$DisplayFeatureState valueOf(java.lang.String)
androidx.camera.lifecycle.LifecycleCamera: void onStart(androidx.lifecycle.LifecycleOwner)
androidx.browser.customtabs.CustomTabsIntent$Api34Impl: void setShareIdentityEnabled(android.app.ActivityOptions,boolean)
androidx.lifecycle.EmptyActivityLifecycleCallbacks: void onActivitySaveInstanceState(android.app.Activity,android.os.Bundle)
io.flutter.plugin.platform.PlatformViewWrapper: android.view.ViewTreeObserver$OnGlobalFocusChangeListener getActiveFocusListener()
androidx.core.view.WindowInsetsCompat$Impl20: void setRootViewData(androidx.core.graphics.Insets)
androidx.core.view.WindowInsetsCompat$Impl20: void copyRootViewBounds(android.view.View)
io.flutter.plugin.editing.ImeSyncDeferringInsetsCallback: boolean access$102(io.flutter.plugin.editing.ImeSyncDeferringInsetsCallback,boolean)
androidx.core.view.ViewCompat$Api21Impl: void setZ(android.view.View,float)