build/app/outputs/mapping/release/mapping.txt
# compiler: R8
# compiler_version: 8.1.56
# min_api: 21
# common_typos_disable
# {"id":"com.android.tools.r8.mapping","version":"2.2"}
# pg_map_id: 4726d39
# pg_map_hash: SHA-256 4726d3972fe81d66e20620f081e0a50fa2c2140f342f1b42e2596e35c7d2378c
...
io.flutter.util.TraceSection -> k5.f:
    1:1:void <init>(java.lang.String):0:0 -> <init>
    1:1:void begin(java.lang.String):0:0 -> a
    1:1:void close():0:0 -> close
    1:1:void beginAsyncSection(java.lang.String,int):0:0 -> d
    1:1:java.lang.String cropSectionName(java.lang.String):0:0 -> e
    1:1:void end():0:0 -> f
    1:1:void endAsyncSection(java.lang.String,int):0:0 -> i
    1:1:io.flutter.util.TraceSection scoped(java.lang.String):0:0 -> j
      # {"id":"com.android.tools.r8.residualsignature","signature":"(Ljava/lang/String;)Lk5/f;"}
io.flutter.util.ViewUtils -> k5.g:
    1:1:void calculateMaximumDisplayMetrics(android.content.Context,io.flutter.util.ViewUtils$DisplayUpdater):0:0 -> a
      # {"id":"com.android.tools.r8.residualsignature","signature":"(Landroid/content/Context;Lk5/g$a;)V"}
    1:1:android.app.Activity getActivity(android.content.Context):0:0 -> b
io.flutter.util.ViewUtils$DisplayUpdater -> k5.g$a:
    void updateDisplayMetrics(float,float,float) -> a
io.flutter.view.AccessibilityBridge -> io.flutter.view.l:
    int FOCUSABLE_FLAGS -> A
    int FIRST_RESOURCE_ID -> B
    int systemAction -> C
    android.view.View rootAccessibilityView -> a
    io.flutter.embedding.engine.systemchannels.AccessibilityChannel accessibilityChannel -> b
    android.view.accessibility.AccessibilityManager accessibilityManager -> c
    io.flutter.view.AccessibilityViewEmbedder accessibilityViewEmbedder -> d
    io.flutter.plugin.platform.PlatformViewsAccessibilityDelegate platformViewsAccessibilityDelegate -> e
    android.content.ContentResolver contentResolver -> f
    java.util.Map flutterSemanticsTree -> g
    java.util.Map customAccessibilityActions -> h
    io.flutter.view.AccessibilityBridge$SemanticsNode accessibilityFocusedSemanticsNode -> i
    java.lang.Integer embeddedAccessibilityFocusedNodeId -> j
    java.lang.Integer embeddedInputFocusedNodeId -> k
    int accessibilityFeatureFlags -> l
    io.flutter.view.AccessibilityBridge$SemanticsNode inputFocusedSemanticsNode -> m
    io.flutter.view.AccessibilityBridge$SemanticsNode lastInputFocusedSemanticsNode -> n
    io.flutter.view.AccessibilityBridge$SemanticsNode hoveredObject -> o
    java.util.List flutterNavigationStack -> p
    int previousRouteId -> q
    java.lang.Integer lastLeftFrameInset -> r
    io.flutter.view.AccessibilityBridge$OnAccessibilityChangeListener onAccessibilityChangeListener -> s
    boolean accessibleNavigation -> t
    boolean isReleased -> u
io.flutter.view.AccessibilityBridge$$ExternalSyntheticApiModelOutline0 -> io.flutter.view.a:
# {"id":"sourceFile","fileName":"R8$$SyntheticClass"}
# {"id":"com.android.tools.r8.synthesized"}
    1:1:int io.flutter.view.AccessibilityBridge$$InternalSyntheticApiModelOutline$1$57f3d27dd81c9c0c9cb3f040a2bc2f4ed710e0754977b37dad43901665f0d5da$0.m(android.content.res.Configuration):0:0 -> a
      # {"id":"com.android.tools.r8.synthesized"}
io.flutter.view.AccessibilityBridge$$ExternalSyntheticApiModelOutline1 -> io.flutter.view.b:
# {"id":"sourceFile","fileName":"R8$$SyntheticClass"}
# {"id":"com.android.tools.r8.synthesized"}
    1:1:android.view.WindowInsets io.flutter.view.AccessibilityBridge$$InternalSyntheticApiModelOutline$1$969d1d15ebd1ecc79248d7e183a1573114e6c0da06897b17061c4ac59ef7fb41$0.m(android.view.View):0:0 -> a
      # {"id":"com.android.tools.r8.synthesized"}
io.flutter.view.AccessibilityBridge$$ExternalSyntheticApiModelOutline2 -> io.flutter.view.c:
# {"id":"sourceFile","fileName":"R8$$SyntheticClass"}
# {"id":"com.android.tools.r8.synthesized"}
    1:1:void io.flutter.view.AccessibilityBridge$$InternalSyntheticApiModelOutline$1$cb6fc7fa606cdd24faccdeb3ee16ec3c57878be3ea147301bfb824e341182070$0.m(android.view.accessibility.AccessibilityNodeInfo,boolean):0:0 -> a
      # {"id":"com.android.tools.r8.synthesized"}